Using pre-set license
Built from '2020.3/staging' branch; Version is '2020.3.13f1 (71691879b7f5) revision 7432472'; Using compiler version '192528614'; Build Type 'Release'
OS: 'Windows 10 Home; OS build 19042.1110; Version 2009; 64bit' Language: 'en' Physical Memory: 14198 MB
BatchMode: 1, IsHumanControllingUs: 0, StartBugReporterOnCrash: 0, Is64bit: 1, IsPro: 0

 COMMAND LINE ARGUMENTS:
C:\Program Files\Unity\Hub\Editor\2020.3.13f1\Editor\Unity.exe
-adb2
-batchMode
-noUpm
-name
AssetImportWorker0
-projectPath
D:/Works/GitHub/Color-Switch
-logFile
Logs/AssetImportWorker0.log
-srvPort
53563
Successfully changed project path to: D:/Works/GitHub/Color-Switch
D:/Works/GitHub/Color-Switch
Using Asset Import Pipeline V2.
Refreshing native plugins compatible for Editor in 42.61 ms, found 3 plugins.
Preloading 0 native plugins for Editor in 0.00 ms.
Initialize engine version: 2020.3.13f1 (71691879b7f5)
[Subsystems] Discovering subsystems at path C:/Program Files/Unity/Hub/Editor/2020.3.13f1/Editor/Data/Resources/UnitySubsystems
[Subsystems] Discovering subsystems at path D:/Works/GitHub/Color-Switch/Assets
GfxDevice: creating device client; threaded=0
Direct3D:
    Version:  Direct3D 11.0 [level 11.1]
    Renderer: AMD Radeon(TM) Graphics (ID=0x1638)
    Vendor:   
    VRAM:     7099 MB
    Driver:   27.20.14028.11002
Initialize mono
Mono path[0] = 'C:/Program Files/Unity/Hub/Editor/2020.3.13f1/Editor/Data/Managed'
Mono path[1] = 'C:/Program Files/Unity/Hub/Editor/2020.3.13f1/Editor/Data/MonoBleedingEdge/lib/mono/unityjit'
Mono config path = 'C:/Program Files/Unity/Hub/Editor/2020.3.13f1/Editor/Data/MonoBleedingEdge/etc'
Using monoOptions --debugger-agent=transport=dt_socket,embedding=1,server=y,suspend=n,address=127.0.0.1:56660
Begin MonoManager ReloadAssembly
Registering precompiled unity dll's ...
Register platform support module: C:/Program Files/Unity/Hub/Editor/2020.3.13f1/Editor/Data/PlaybackEngines/WebGLSupport/UnityEditor.WebGL.Extensions.dll
Register platform support module: C:/Program Files/Unity/Hub/Editor/2020.3.13f1/Editor/Data/PlaybackEngines/WindowsStandaloneSupport/UnityEditor.WindowsStandalone.Extensions.dll
Registered in 0.002405 seconds.
Native extension for WindowsStandalone target not found
Native extension for WebGL target not found
Refreshing native plugins compatible for Editor in 44.66 ms, found 3 plugins.
Preloading 0 native plugins for Editor in 0.00 ms.
Mono: successfully reloaded assembly
- Completed reload, in  1.784 seconds
Platform modules already initialized, skipping
Registering precompiled user dll's ...
Registered in 0.002787 seconds.
Begin MonoManager ReloadAssembly
Native extension for WindowsStandalone target not found
Native extension for WebGL target not found
Refreshing native plugins compatible for Editor in 42.00 ms, found 3 plugins.
Preloading 0 native plugins for Editor in 0.00 ms.
Mono: successfully reloaded assembly
- Completed reload, in  0.985 seconds
Platform modules already initialized, skipping
========================================================================
Worker process is ready to serve import requests
Launched and connected shader compiler UnityShaderCompiler.exe after 0.04 seconds
Refreshing native plugins compatible for Editor in 0.60 ms, found 3 plugins.
Preloading 0 native plugins for Editor in 0.00 ms.
Unloading 2402 Unused Serialized files (Serialized files now loaded: 0)
System memory in use before: 105.6 MB.
System memory in use after: 105.8 MB.

Unloading 30 unused Assets to reduce memory usage. Loaded Objects now: 2842.
Total: 2.525600 ms (FindLiveObjects: 0.215100 ms CreateObjectMapping: 0.076500 ms MarkObjects: 2.154900 ms  DeleteObjects: 0.078100 ms)

AssetImportParameters requested are different than current active one (requested -> active):
  custom:framework-win-MediaFoundation: 216162199b28c13a410421893ffa2e32 -> 
  custom:video-decoder-ogg-theora: a1e56fd34408186e4bbccfd4996cb3dc -> 
  custom:container-muxer-webm: aa71ff27fc2769a1b78a27578f13a17b -> 
  custom:container-demuxer-webm: 4f35f7cbe854078d1ac9338744f61a02 -> 
  custom:container-demuxer-ogg: 62fdf1f143b41e24485cea50d1cbac27 -> 
  custom:video-encoder-webm-vp8: eb34c28f22e8b96e1ab97ce403110664 -> 
  custom:video-codec-MediaFoundation-h265: 746d11721c4dcdbdad8f713fa42b33f4 -> 
  custom:video-decoder-webm-vp8: 9c59270c3fd7afecdb556c50c9e8de78 -> 
  custom:audio-decoder-ogg-vorbis: bf7c407c2cedff20999df2af8eb42d56 -> 
  custom:audio-encoder-webm-vorbis: bf7c407c2cedff20999df2af8eb42d56 -> 
========================================================================
Received Import Request.
  path: Assets/Scenes/MainScene.unity
  artifactKey: Guid(2cda990e2423bbf4892e6590ba056729) Importer(815301076,1909f56bfc062723c751e8b465ee728b)
Start importing Assets/Scenes/MainScene.unity using Guid(2cda990e2423bbf4892e6590ba056729) Importer(815301076,1909f56bfc062723c751e8b465ee728b)  -> (artifact id: 'd3bb8f559c3bfa440424d31148772091') in 0.020517 seconds 
  Import took 0.025063 seconds .

========================================================================
Received Import Request.
  Time since last request: 0.002557 seconds.
  path: Assets/Scenes/MainScene.unity
  artifactKey: Guid(2cda990e2423bbf4892e6590ba056729) Importer(815301076,1909f56bfc062723c751e8b465ee728b)
Start importing Assets/Scenes/MainScene.unity using Guid(2cda990e2423bbf4892e6590ba056729) Importer(815301076,1909f56bfc062723c751e8b465ee728b)  -> (artifact id: 'd3bb8f559c3bfa440424d31148772091') in 0.002132 seconds 
  Import took 0.007114 seconds .

========================================================================
Received Prepare
Registering precompiled user dll's ...
Registered in 0.002845 seconds.
Begin MonoManager ReloadAssembly
Native extension for WindowsStandalone target not found
Native extension for WebGL target not found
Refreshing native plugins compatible for Editor in 0.58 ms, found 3 plugins.
Preloading 0 native plugins for Editor in 0.00 ms.
Mono: successfully reloaded assembly
- Completed reload, in  1.252 seconds
Platform modules already initialized, skipping
Switching build target platform(19) subTarget(0) extendedPlatform(0) -> platform(13) subTarget(537395200) extendedPlatform(0)
Refreshing native plugins compatible for Editor in 0.62 ms, found 3 plugins.
Preloading 0 native plugins for Editor in 0.00 ms.
Unloading 2383 Unused Serialized files (Serialized files now loaded: 0)
System memory in use before: 104.0 MB.
System memory in use after: 104.2 MB.

Unloading 16 unused Assets to reduce memory usage. Loaded Objects now: 2846.
Total: 3.223000 ms (FindLiveObjects: 0.509600 ms CreateObjectMapping: 0.089900 ms MarkObjects: 2.598700 ms  DeleteObjects: 0.022700 ms)

AssetImportParameters requested are different than current active one (requested -> active):
  custom:framework-win-MediaFoundation: 216162199b28c13a410421893ffa2e32 -> 
  custom:video-decoder-ogg-theora: a1e56fd34408186e4bbccfd4996cb3dc -> 
  custom:container-muxer-webm: aa71ff27fc2769a1b78a27578f13a17b -> 
  custom:container-demuxer-webm: 4f35f7cbe854078d1ac9338744f61a02 -> 
  custom:container-demuxer-ogg: 62fdf1f143b41e24485cea50d1cbac27 -> 
  custom:video-encoder-webm-vp8: eb34c28f22e8b96e1ab97ce403110664 -> 
  custom:video-codec-MediaFoundation-h265: 746d11721c4dcdbdad8f713fa42b33f4 -> 
  custom:video-decoder-webm-vp8: 9c59270c3fd7afecdb556c50c9e8de78 -> 
  custom:graphics/normal-map-encoding: 01000000000000000000000000000000 -> 02000000000000000000000000000000
  custom:audio-decoder-ogg-vorbis: bf7c407c2cedff20999df2af8eb42d56 -> 
  custom:audio-encoder-webm-vorbis: bf7c407c2cedff20999df2af8eb42d56 -> 
========================================================================
Received Prepare
Refreshing native plugins compatible for Editor in 3.13 ms, found 3 plugins.
Preloading 0 native plugins for Editor in 0.00 ms.
Unloading 14 Unused Serialized files (Serialized files now loaded: 0)
System memory in use before: 57.2 MB.
System memory in use after: 57.4 MB.

Unloading 14 unused Assets to reduce memory usage. Loaded Objects now: 2846.
Total: 2.530200 ms (FindLiveObjects: 0.239300 ms CreateObjectMapping: 0.070700 ms MarkObjects: 2.201800 ms  DeleteObjects: 0.017400 ms)

AssetImportParameters requested are different than current active one (requested -> active):
  custom:framework-win-MediaFoundation: 216162199b28c13a410421893ffa2e32 -> 
  custom:video-decoder-ogg-theora: a1e56fd34408186e4bbccfd4996cb3dc -> 
  custom:container-muxer-webm: aa71ff27fc2769a1b78a27578f13a17b -> 
  custom:container-demuxer-webm: 4f35f7cbe854078d1ac9338744f61a02 -> 
  custom:container-demuxer-ogg: 62fdf1f143b41e24485cea50d1cbac27 -> 
  custom:video-encoder-webm-vp8: eb34c28f22e8b96e1ab97ce403110664 -> 
  custom:video-codec-MediaFoundation-h265: 746d11721c4dcdbdad8f713fa42b33f4 -> 
  custom:video-decoder-webm-vp8: 9c59270c3fd7afecdb556c50c9e8de78 -> 
  custom:audio-decoder-ogg-vorbis: bf7c407c2cedff20999df2af8eb42d56 -> 
  custom:audio-encoder-webm-vorbis: bf7c407c2cedff20999df2af8eb42d56 -> 
========================================================================
Received Import Request.
  Time since last request: 152.522291 seconds.
  path: Assets/Scripts/RandomColor.cs
  artifactKey: Guid(c6833a51ad27e724abef2f96f7524c7d) Importer(815301076,1909f56bfc062723c751e8b465ee728b)
Start importing Assets/Scripts/RandomColor.cs using Guid(c6833a51ad27e724abef2f96f7524c7d) Importer(815301076,1909f56bfc062723c751e8b465ee728b)  -> (artifact id: '33ecd9c72e79b5db7a32fbec45ddcd03') in 0.022992 seconds 
  Import took 0.027077 seconds .

========================================================================
Received Import Request.
  Time since last request: 0.003412 seconds.
  path: Assets/Scripts/RandomColor.cs
  artifactKey: Guid(c6833a51ad27e724abef2f96f7524c7d) Importer(815301076,1909f56bfc062723c751e8b465ee728b)
Start importing Assets/Scripts/RandomColor.cs using Guid(c6833a51ad27e724abef2f96f7524c7d) Importer(815301076,1909f56bfc062723c751e8b465ee728b)  -> (artifact id: '33ecd9c72e79b5db7a32fbec45ddcd03') in 0.001867 seconds 
  Import took 0.005818 seconds .

========================================================================
Received Import Request.
  Time since last request: 31.020207 seconds.
  path: Assets/Inputs/TouchControls.inputactions
  artifactKey: Guid(c726ea60f00f99b45b8840333c8d4657) Importer(815301076,1909f56bfc062723c751e8b465ee728b)
Start importing Assets/Inputs/TouchControls.inputactions using Guid(c726ea60f00f99b45b8840333c8d4657) Importer(815301076,1909f56bfc062723c751e8b465ee728b)  -> (artifact id: 'ff407e8c6d5cf65a0802ed9e5e702c56') in 0.017867 seconds 
  Import took 0.021641 seconds .

========================================================================
Received Import Request.
  Time since last request: 49.430584 seconds.
  path: Assets/Inputs/TouchControls 1.inputactions
  artifactKey: Guid(8346f83cd0656864cbcb3f44853cd353) Importer(815301076,1909f56bfc062723c751e8b465ee728b)
Start importing Assets/Inputs/TouchControls 1.inputactions using Guid(8346f83cd0656864cbcb3f44853cd353) Importer(815301076,1909f56bfc062723c751e8b465ee728b)  -> (artifact id: '3e2213fe3227389580c0d24a1ed43956') in 0.007411 seconds 
  Import took 0.011239 seconds .

========================================================================
Received Import Request.
  Time since last request: 0.001436 seconds.
  path: Assets/Inputs/TouchControls 1.inputactions
  artifactKey: Guid(8346f83cd0656864cbcb3f44853cd353) Importer(815301076,1909f56bfc062723c751e8b465ee728b)
Start importing Assets/Inputs/TouchControls 1.inputactions using Guid(8346f83cd0656864cbcb3f44853cd353) Importer(815301076,1909f56bfc062723c751e8b465ee728b)  -> (artifact id: '3e2213fe3227389580c0d24a1ed43956') in 0.002550 seconds 
  Import took 0.006324 seconds .

========================================================================
Received Import Request.
  Time since last request: 13.008031 seconds.
  path: Assets/Inputs/TouchControls.cs
  artifactKey: Guid(6dd7a72de97fd78498e634aa616a4f61) Importer(815301076,1909f56bfc062723c751e8b465ee728b)
Start importing Assets/Inputs/TouchControls.cs using Guid(6dd7a72de97fd78498e634aa616a4f61) Importer(815301076,1909f56bfc062723c751e8b465ee728b)  -> (artifact id: '3e674d26fb01c1b6c059d98ab60e7bf1') in 0.002008 seconds 
  Import took 0.005713 seconds .

========================================================================
Received Import Request.
  Time since last request: 0.000851 seconds.
  path: Assets/Inputs/TouchControls.cs
  artifactKey: Guid(6dd7a72de97fd78498e634aa616a4f61) Importer(815301076,1909f56bfc062723c751e8b465ee728b)
Start importing Assets/Inputs/TouchControls.cs using Guid(6dd7a72de97fd78498e634aa616a4f61) Importer(815301076,1909f56bfc062723c751e8b465ee728b)  -> (artifact id: '3e674d26fb01c1b6c059d98ab60e7bf1') in 0.001552 seconds 
  Import took 0.004518 seconds .

========================================================================
Received Import Request.
  Time since last request: 41.612730 seconds.
  path: Assets/Inputs/TouchControls.inputactions
  artifactKey: Guid(c726ea60f00f99b45b8840333c8d4657) Importer(815301076,1909f56bfc062723c751e8b465ee728b)
Start importing Assets/Inputs/TouchControls.inputactions using Guid(c726ea60f00f99b45b8840333c8d4657) Importer(815301076,1909f56bfc062723c751e8b465ee728b)  -> (artifact id: '8024bf5cc454cf987d8d3c9c8c810479') in 0.002960 seconds 
  Import took 0.007087 seconds .

========================================================================
Received Import Request.
  Time since last request: 3.403223 seconds.
  path: Assets/Inputs/TouchControls.cs
  artifactKey: Guid(6dd7a72de97fd78498e634aa616a4f61) Importer(815301076,1909f56bfc062723c751e8b465ee728b)
Start importing Assets/Inputs/TouchControls.cs using Guid(6dd7a72de97fd78498e634aa616a4f61) Importer(815301076,1909f56bfc062723c751e8b465ee728b)  -> (artifact id: 'c43b909d1be86780257c0e428c3bb621') in 0.001680 seconds 
  Import took 0.005345 seconds .

========================================================================
Received Import Request.
  Time since last request: 0.000778 seconds.
  path: Assets/Inputs/TouchControls.cs
  artifactKey: Guid(6dd7a72de97fd78498e634aa616a4f61) Importer(815301076,1909f56bfc062723c751e8b465ee728b)
Start importing Assets/Inputs/TouchControls.cs using Guid(6dd7a72de97fd78498e634aa616a4f61) Importer(815301076,1909f56bfc062723c751e8b465ee728b)  -> (artifact id: 'c43b909d1be86780257c0e428c3bb621') in 0.001572 seconds 
  Import took 0.005134 seconds .

========================================================================
Received Import Request.
  Time since last request: 0.795417 seconds.
  path: Assets/Inputs/TouchControls1.cs
  artifactKey: Guid(937d4cac684dc594aa8cd3ee7f514d88) Importer(815301076,1909f56bfc062723c751e8b465ee728b)
Start importing Assets/Inputs/TouchControls1.cs using Guid(937d4cac684dc594aa8cd3ee7f514d88) Importer(815301076,1909f56bfc062723c751e8b465ee728b)  -> (artifact id: 'adb95f85822c45188dfd4cd77edbba9a') in 0.006538 seconds 
  Import took 0.010090 seconds .

========================================================================
Received Prepare
Registering precompiled user dll's ...
Registered in 0.002178 seconds.
Begin MonoManager ReloadAssembly
Native extension for WindowsStandalone target not found
Native extension for WebGL target not found
Refreshing native plugins compatible for Editor in 0.52 ms, found 3 plugins.
Preloading 0 native plugins for Editor in 0.00 ms.
Mono: successfully reloaded assembly
- Completed reload, in  0.799 seconds
Platform modules already initialized, skipping
Switching build target platform(19) subTarget(0) extendedPlatform(0) -> platform(13) subTarget(537395200) extendedPlatform(0)
Refreshing native plugins compatible for Editor in 0.47 ms, found 3 plugins.
Preloading 0 native plugins for Editor in 0.00 ms.
Unloading 2383 Unused Serialized files (Serialized files now loaded: 0)
System memory in use before: 104.0 MB.
System memory in use after: 104.2 MB.

Unloading 16 unused Assets to reduce memory usage. Loaded Objects now: 2850.
Total: 2.548400 ms (FindLiveObjects: 0.224600 ms CreateObjectMapping: 0.106500 ms MarkObjects: 2.199900 ms  DeleteObjects: 0.016500 ms)

AssetImportParameters requested are different than current active one (requested -> active):
  custom:framework-win-MediaFoundation: 216162199b28c13a410421893ffa2e32 -> 
  custom:video-decoder-ogg-theora: a1e56fd34408186e4bbccfd4996cb3dc -> 
  custom:container-muxer-webm: aa71ff27fc2769a1b78a27578f13a17b -> 
  custom:container-demuxer-webm: 4f35f7cbe854078d1ac9338744f61a02 -> 
  custom:container-demuxer-ogg: 62fdf1f143b41e24485cea50d1cbac27 -> 
  custom:video-encoder-webm-vp8: eb34c28f22e8b96e1ab97ce403110664 -> 
  custom:video-codec-MediaFoundation-h265: 746d11721c4dcdbdad8f713fa42b33f4 -> 
  custom:video-decoder-webm-vp8: 9c59270c3fd7afecdb556c50c9e8de78 -> 
  custom:graphics/normal-map-encoding: 01000000000000000000000000000000 -> 02000000000000000000000000000000
  custom:audio-decoder-ogg-vorbis: bf7c407c2cedff20999df2af8eb42d56 -> 
  custom:audio-encoder-webm-vorbis: bf7c407c2cedff20999df2af8eb42d56 -> 
========================================================================
Received Import Request.
  Time since last request: 14.926536 seconds.
  path: Assets/Sprites/Circle.png
  artifactKey: Guid(3d41b3112e619d54c9457fa197ee5fd9) Importer(815301076,1909f56bfc062723c751e8b465ee728b)
Start importing Assets/Sprites/Circle.png using Guid(3d41b3112e619d54c9457fa197ee5fd9) Importer(815301076,1909f56bfc062723c751e8b465ee728b)  -> (artifact id: '0681831a813c62030f16444b477dfdf7') in 0.096291 seconds 
  Import took 0.100103 seconds .

========================================================================
Received Import Request.
  Time since last request: 0.000141 seconds.
  path: Assets/Sprites/Restart.png
  artifactKey: Guid(a43b79c2f4387214885bb24b14230723) Importer(815301076,1909f56bfc062723c751e8b465ee728b)
Start importing Assets/Sprites/Restart.png using Guid(a43b79c2f4387214885bb24b14230723) Importer(815301076,1909f56bfc062723c751e8b465ee728b)  -> (artifact id: '74d4f0bd033937ec045f06fe499e5a11') in 0.012214 seconds 
  Import took 0.015357 seconds .

========================================================================
Received Import Request.
  Time since last request: 0.000157 seconds.
  path: Assets/Sprites/return.png
  artifactKey: Guid(3b53e4d7228f25144af3ab6248bd8755) Importer(815301076,1909f56bfc062723c751e8b465ee728b)
Start importing Assets/Sprites/return.png using Guid(3b53e4d7228f25144af3ab6248bd8755) Importer(815301076,1909f56bfc062723c751e8b465ee728b)  -> (artifact id: 'ed2e21ddf66362c5fb0582388709bcd5') in 0.029203 seconds 
  Import took 0.032244 seconds .

========================================================================
Received Import Request.
  Time since last request: 0.000154 seconds.
  path: Assets/Sprites/ColorChanger.png
  artifactKey: Guid(c0ebead3d94dbb2489b1f393c3a047cd) Importer(815301076,1909f56bfc062723c751e8b465ee728b)
Start importing Assets/Sprites/ColorChanger.png using Guid(c0ebead3d94dbb2489b1f393c3a047cd) Importer(815301076,1909f56bfc062723c751e8b465ee728b)  -> (artifact id: 'e6286a42921bf8a6e6b67a3309ea223a') in 0.012103 seconds 
  Import took 0.015200 seconds .

========================================================================
Received Import Request.
  Time since last request: 0.000140 seconds.
  path: Assets/Sprites/Circle.png
  artifactKey: Guid(3d41b3112e619d54c9457fa197ee5fd9) Importer(815301076,1909f56bfc062723c751e8b465ee728b)
Start importing Assets/Sprites/Circle.png using Guid(3d41b3112e619d54c9457fa197ee5fd9) Importer(815301076,1909f56bfc062723c751e8b465ee728b)  -> (artifact id: '0681831a813c62030f16444b477dfdf7') in 0.026080 seconds 
  Import took 0.029203 seconds .

========================================================================
Received Import Request.
  Time since last request: 0.000164 seconds.
  path: Assets/Sprites/right.png
  artifactKey: Guid(1e8593452101af140a9c3d75cf795347) Importer(815301076,1909f56bfc062723c751e8b465ee728b)
Start importing Assets/Sprites/right.png using Guid(1e8593452101af140a9c3d75cf795347) Importer(815301076,1909f56bfc062723c751e8b465ee728b)  -> (artifact id: 'f91d25ccfa23ce0f2942165dd8e3e9ac') in 0.014894 seconds 
  Import took 0.018310 seconds .

========================================================================
Received Import Request.
  Time since last request: 0.531700 seconds.
  path: Assets/Sprites/Star.png
  artifactKey: Guid(f790cd3e53c473647984f3b80514f898) Importer(815301076,1909f56bfc062723c751e8b465ee728b)
Start importing Assets/Sprites/Star.png using Guid(f790cd3e53c473647984f3b80514f898) Importer(815301076,1909f56bfc062723c751e8b465ee728b)  -> (artifact id: 'ff288f0f987154c02adf65888d1e9d4d') in 0.074585 seconds 
  Import took 0.078294 seconds .

========================================================================
Received Prepare
Registering precompiled user dll's ...
Registered in 0.002114 seconds.
Begin MonoManager ReloadAssembly
Native extension for WindowsStandalone target not found
Native extension for WebGL target not found
Refreshing native plugins compatible for Editor in 0.51 ms, found 3 plugins.
Preloading 0 native plugins for Editor in 0.00 ms.
Mono: successfully reloaded assembly
- Completed reload, in  0.821 seconds
Platform modules already initialized, skipping
Switching build target platform(19) subTarget(0) extendedPlatform(0) -> platform(13) subTarget(537395200) extendedPlatform(0)
Refreshing native plugins compatible for Editor in 0.46 ms, found 3 plugins.
Preloading 0 native plugins for Editor in 0.00 ms.
Unloading 2383 Unused Serialized files (Serialized files now loaded: 0)
System memory in use before: 107.0 MB.
System memory in use after: 107.2 MB.

Unloading 16 unused Assets to reduce memory usage. Loaded Objects now: 2865.
Total: 2.239500 ms (FindLiveObjects: 0.217500 ms CreateObjectMapping: 0.065400 ms MarkObjects: 1.936600 ms  DeleteObjects: 0.019400 ms)

AssetImportParameters requested are different than current active one (requested -> active):
  custom:framework-win-MediaFoundation: 216162199b28c13a410421893ffa2e32 -> 
  custom:video-decoder-ogg-theora: a1e56fd34408186e4bbccfd4996cb3dc -> 
  custom:container-muxer-webm: aa71ff27fc2769a1b78a27578f13a17b -> 
  custom:container-demuxer-webm: 4f35f7cbe854078d1ac9338744f61a02 -> 
  custom:container-demuxer-ogg: 62fdf1f143b41e24485cea50d1cbac27 -> 
  custom:video-encoder-webm-vp8: eb34c28f22e8b96e1ab97ce403110664 -> 
  custom:video-codec-MediaFoundation-h265: 746d11721c4dcdbdad8f713fa42b33f4 -> 
  custom:video-decoder-webm-vp8: 9c59270c3fd7afecdb556c50c9e8de78 -> 
  custom:graphics/normal-map-encoding: 01000000000000000000000000000000 -> 02000000000000000000000000000000
  custom:audio-decoder-ogg-vorbis: bf7c407c2cedff20999df2af8eb42d56 -> 
  custom:audio-encoder-webm-vorbis: bf7c407c2cedff20999df2af8eb42d56 -> 
========================================================================
Received Prepare
Registering precompiled user dll's ...
Registered in 0.002184 seconds.
Begin MonoManager ReloadAssembly
Native extension for WindowsStandalone target not found
Native extension for WebGL target not found
Refreshing native plugins compatible for Editor in 0.49 ms, found 3 plugins.
Preloading 0 native plugins for Editor in 0.00 ms.
Mono: successfully reloaded assembly
- Completed reload, in  0.781 seconds
Platform modules already initialized, skipping
Switching build target platform(19) subTarget(0) extendedPlatform(0) -> platform(13) subTarget(537395200) extendedPlatform(0)
Refreshing native plugins compatible for Editor in 0.47 ms, found 3 plugins.
Preloading 0 native plugins for Editor in 0.00 ms.
Unloading 2383 Unused Serialized files (Serialized files now loaded: 0)
System memory in use before: 107.0 MB.
System memory in use after: 107.2 MB.

Unloading 16 unused Assets to reduce memory usage. Loaded Objects now: 2869.
Total: 2.396900 ms (FindLiveObjects: 0.228400 ms CreateObjectMapping: 0.108000 ms MarkObjects: 2.041000 ms  DeleteObjects: 0.018600 ms)

AssetImportParameters requested are different than current active one (requested -> active):
  custom:framework-win-MediaFoundation: 216162199b28c13a410421893ffa2e32 -> 
  custom:video-decoder-ogg-theora: a1e56fd34408186e4bbccfd4996cb3dc -> 
  custom:container-muxer-webm: aa71ff27fc2769a1b78a27578f13a17b -> 
  custom:container-demuxer-webm: 4f35f7cbe854078d1ac9338744f61a02 -> 
  custom:container-demuxer-ogg: 62fdf1f143b41e24485cea50d1cbac27 -> 
  custom:video-encoder-webm-vp8: eb34c28f22e8b96e1ab97ce403110664 -> 
  custom:video-codec-MediaFoundation-h265: 746d11721c4dcdbdad8f713fa42b33f4 -> 
  custom:video-decoder-webm-vp8: 9c59270c3fd7afecdb556c50c9e8de78 -> 
  custom:graphics/normal-map-encoding: 01000000000000000000000000000000 -> 02000000000000000000000000000000
  custom:audio-decoder-ogg-vorbis: bf7c407c2cedff20999df2af8eb42d56 -> 
  custom:audio-encoder-webm-vorbis: bf7c407c2cedff20999df2af8eb42d56 -> 
========================================================================
Received Import Request.
  Time since last request: 67.843814 seconds.
  path: Assets/Inputs/TouchControls.inputactions
  artifactKey: Guid(c726ea60f00f99b45b8840333c8d4657) Importer(815301076,1909f56bfc062723c751e8b465ee728b)
Start importing Assets/Inputs/TouchControls.inputactions using Guid(c726ea60f00f99b45b8840333c8d4657) Importer(815301076,1909f56bfc062723c751e8b465ee728b)  -> (artifact id: '1918f4293b8fc67df6a721f48a346054') in 0.017358 seconds 
  Import took 0.022203 seconds .

========================================================================
Received Import Request.
  Time since last request: 0.060575 seconds.
  path: Assets/Inputs/TouchControls.inputactions
  artifactKey: Guid(c726ea60f00f99b45b8840333c8d4657) Importer(815301076,1909f56bfc062723c751e8b465ee728b)
Start importing Assets/Inputs/TouchControls.inputactions using Guid(c726ea60f00f99b45b8840333c8d4657) Importer(815301076,1909f56bfc062723c751e8b465ee728b)  -> (artifact id: '1918f4293b8fc67df6a721f48a346054') in 0.002743 seconds 
  Import took 0.006803 seconds .

========================================================================
Received Prepare
Registering precompiled user dll's ...
Registered in 0.002093 seconds.
Begin MonoManager ReloadAssembly
Native extension for WindowsStandalone target not found
Native extension for WebGL target not found
Refreshing native plugins compatible for Editor in 0.50 ms, found 3 plugins.
Preloading 0 native plugins for Editor in 0.00 ms.
Mono: successfully reloaded assembly
- Completed reload, in  0.812 seconds
Platform modules already initialized, skipping
Switching build target platform(19) subTarget(0) extendedPlatform(0) -> platform(13) subTarget(537395200) extendedPlatform(0)
Refreshing native plugins compatible for Editor in 0.45 ms, found 3 plugins.
Preloading 0 native plugins for Editor in 0.00 ms.
Unloading 2383 Unused Serialized files (Serialized files now loaded: 0)
System memory in use before: 106.9 MB.
System memory in use after: 107.2 MB.

Unloading 16 unused Assets to reduce memory usage. Loaded Objects now: 2873.
Total: 2.483400 ms (FindLiveObjects: 0.184900 ms CreateObjectMapping: 0.101200 ms MarkObjects: 2.180000 ms  DeleteObjects: 0.016000 ms)

AssetImportParameters requested are different than current active one (requested -> active):
  custom:framework-win-MediaFoundation: 216162199b28c13a410421893ffa2e32 -> 
  custom:video-decoder-ogg-theora: a1e56fd34408186e4bbccfd4996cb3dc -> 
  custom:container-muxer-webm: aa71ff27fc2769a1b78a27578f13a17b -> 
  custom:container-demuxer-webm: 4f35f7cbe854078d1ac9338744f61a02 -> 
  custom:container-demuxer-ogg: 62fdf1f143b41e24485cea50d1cbac27 -> 
  custom:video-encoder-webm-vp8: eb34c28f22e8b96e1ab97ce403110664 -> 
  custom:video-codec-MediaFoundation-h265: 746d11721c4dcdbdad8f713fa42b33f4 -> 
  custom:video-decoder-webm-vp8: 9c59270c3fd7afecdb556c50c9e8de78 -> 
  custom:graphics/normal-map-encoding: 01000000000000000000000000000000 -> 02000000000000000000000000000000
  custom:audio-decoder-ogg-vorbis: bf7c407c2cedff20999df2af8eb42d56 -> 
  custom:audio-encoder-webm-vorbis: bf7c407c2cedff20999df2af8eb42d56 -> 
AssetImportWorkerClient::OnTransportError - code=2 error=End of file
